Compiled /home/ezequielm/Documents/dev/gaffer-examples/LDTGaffer/osl/source/sambler-osl-shaders/nature/MALeaf/MARotateZ.osl -> rotate_z.oso
Compiled /home/ezequielm/Documents/dev/gaffer-examples/LDTGaffer/osl/source/sambler-osl-shaders/nature/MALeaf/MALeaf.osl -> leaf.oso
Compiled /home/ezequielm/Documents/dev/gaffer-examples/LDTGaffer/osl/source/sambler-osl-shaders/nature/MALeaf/MALeafVeins.osl -> arcuateveins.oso
FAILED /home/ezequielm/Documents/dev/gaffer-examples/LDTGaffer/osl/source/sambler-osl-shaders/nature/SAApple/SAApple.osl
Compiled /home/ezequielm/Documents/dev/gaffer-examples/LDTGaffer/osl/source/sambler-osl-shaders/patterns/GHPie/GHPie.osl -> node_magic_texture.oso
Compiled /home/ezequielm/Documents/dev/gaffer-examples/LDTGaffer/osl/source/sambler-osl-shaders/patterns/ElSierpinskiSquares/ElSierpinskiSquares.osl -> ElSierpinskiSquares.oso
Compiled /home/ezequielm/Documents/dev/gaffer-examples/LDTGaffer/osl/source/sambler-osl-shaders/patterns/TDsine_stripes/TDsine_stripes.osl -> TDsine_stripes.oso
Compiled /home/ezequielm/Documents/dev/gaffer-examples/LDTGaffer/osl/source/sambler-osl-shaders/patterns/ChHalftone/ChHalftone.osl -> halftone_texture.oso
Compiled /home/ezequielm/Documents/dev/gaffer-examples/LDTGaffer/osl/source/sambler-osl-shaders/patterns/SAMandelbrot/SAMandelbrot.osl -> mandelbrot.oso
Compiled /home/ezequielm/Documents/dev/gaffer-examples/LDTGaffer/osl/source/sambler-osl-shaders/patterns/TDHeart/TDHeart.osl -> TDHeart.oso
Compiled /home/ezequielm/Documents/dev/gaffer-examples/LDTGaffer/osl/source/sambler-osl-shaders/patterns/ChSinus/ChSinus.osl -> sinus.oso
Compiled /home/ezequielm/Documents/dev/gaffer-examples/LDTGaffer/osl/source/sambler-osl-shaders/patterns/SuClover/SuClover.osl -> SuClover.oso
FAILED /home/ezequielm/Documents/dev/gaffer-examples/LDTGaffer/osl/source/sambler-osl-shaders/patterns/LGHexTile/LGHexTile.osl
FAILED /home/ezequielm/Documents/dev/gaffer-examples/LDTGaffer/osl/source/sambler-osl-shaders/patterns/MAFingerprint/MAFingerprint.osl
Compiled /home/ezequielm/Documents/dev/gaffer-examples/LDTGaffer/osl/source/sambler-osl-shaders/patterns/MAAbstractSquares/MAAbstractSquares.osl -> MAAbstractSquares.oso
Compiled /home/ezequielm/Documents/dev/gaffer-examples/LDTGaffer/osl/source/sambler-osl-shaders/patterns/MRMandelbrot/MRMandelbrot.osl -> MRMandelbrot.oso
Compiled /home/ezequielm/Documents/dev/gaffer-examples/LDTGaffer/osl/source/sambler-osl-shaders/patterns/MAhexagon/MAhexagon.osl -> MAhexagon.oso
Compiled /home/ezequielm/Documents/dev/gaffer-examples/LDTGaffer/osl/source/sambler-osl-shaders/patterns/ElColourSquares/ElColourSquares.osl -> ElColourSquares.oso
Compiled /home/ezequielm/Documents/dev/gaffer-examples/LDTGaffer/osl/source/sambler-osl-shaders/patterns/TDYinYang/TDYinYang.osl -> node_yinyang.oso
Compiled /home/ezequielm/Documents/dev/gaffer-examples/LDTGaffer/osl/source/sambler-osl-shaders/patterns/MASineWave/MASineWave.osl -> sine_pattern.oso
Compiled /home/ezequielm/Documents/dev/gaffer-examples/LDTGaffer/osl/source/sambler-osl-shaders/patterns/MABarbWire/MABarbWire.osl -> MABarbWire.oso
Compiled /home/ezequielm/Documents/dev/gaffer-examples/LDTGaffer/osl/source/sambler-osl-shaders/patterns/MAscales/MAscales.osl -> MAscales.oso
FAILED /home/ezequielm/Documents/dev/gaffer-examples/LDTGaffer/osl/source/sambler-osl-shaders/patterns/ChPatterns/ChPatterns.osl
Compiled /home/ezequielm/Documents/dev/gaffer-examples/LDTGaffer/osl/source/sambler-osl-shaders/patterns/MAChainmail/MAChainmail.osl -> chainmail4in1.oso
Compiled /home/ezequielm/Documents/dev/gaffer-examples/LDTGaffer/osl/source/sambler-osl-shaders/patterns/ElJuliaSets/ElJuliaSets.osl -> node_julia_zn_zoom.oso
Compiled /home/ezequielm/Documents/dev/gaffer-examples/LDTGaffer/osl/source/sambler-osl-shaders/patterns/MAChainLink/MAChainLink.osl -> MAChainLink.oso
Compiled /home/ezequielm/Documents/dev/gaffer-examples/LDTGaffer/osl/source/sambler-osl-shaders/cloth/MAGaborCloth/MAGaborNoise.osl -> MAGaborNoise.oso
Compiled /home/ezequielm/Documents/dev/gaffer-examples/LDTGaffer/osl/source/sambler-osl-shaders/cloth/MAweave/MAweave.osl -> MAweave.oso
FAILED /home/ezequielm/Documents/dev/gaffer-examples/LDTGaffer/osl/source/sambler-osl-shaders/glass/BaGlass/BaGlass.osl
Compiled /home/ezequielm/Documents/dev/gaffer-examples/LDTGaffer/osl/source/sambler-osl-shaders/wood/MAWoodKnot/MAWoodKnots1.osl -> MAWoodKnots1.oso
Compiled /home/ezequielm/Documents/dev/gaffer-examples/LDTGaffer/osl/source/sambler-osl-shaders/wood/MAWoodKnot/MAWoodKnots2.osl -> MAWoodKnots2.oso
Compiled /home/ezequielm/Documents/dev/gaffer-examples/LDTGaffer/osl/source/sambler-osl-shaders/wood/MAWoodGrain/MAWoodGrain.osl -> oak.oso
FAILED /home/ezequielm/Documents/dev/gaffer-examples/LDTGaffer/osl/source/sambler-osl-shaders/wood/DWParquetTile/DWParqueteTile.osl
FAILED /home/ezequielm/Documents/dev/gaffer-examples/LDTGaffer/osl/source/sambler-osl-shaders/random-noise/ChPlanet/ChPlanet.osl
Compiled /home/ezequielm/Documents/dev/gaffer-examples/LDTGaffer/osl/source/sambler-osl-shaders/random-noise/MA4d_voronoi/MA4D_voronoi.osl -> MA4D_voronoi.oso
FAILED /home/ezequielm/Documents/dev/gaffer-examples/LDTGaffer/osl/source/sambler-osl-shaders/random-noise/TDcell_noise/TDcell_noise.osl
FAILED /home/ezequielm/Documents/dev/gaffer-examples/LDTGaffer/osl/source/sambler-osl-shaders/random-noise/JBUMcraters/JBUMcraters.osl
Compiled /home/ezequielm/Documents/dev/gaffer-examples/LDTGaffer/osl/source/sambler-osl-shaders/random-noise/ElTurbulentColour/ElTurbulentColour.osl -> ElTurbulentColour.oso
Compiled /home/ezequielm/Documents/dev/gaffer-examples/LDTGaffer/osl/source/sambler-osl-shaders/random-noise/MAGaborNoise/MAGaborNoise.osl -> MAGaborNoise.oso
Compiled /home/ezequielm/Documents/dev/gaffer-examples/LDTGaffer/osl/source/sambler-osl-shaders/random-noise/MASimplexNoise/MASimplexNoise.osl -> MASimplexNoise.oso
Compiled /home/ezequielm/Documents/dev/gaffer-examples/LDTGaffer/osl/source/sambler-osl-shaders/random-noise/MAHagelslag/MAHagelslag.osl -> MAHagelslag.oso
Compiled /home/ezequielm/Documents/dev/gaffer-examples/LDTGaffer/osl/source/sambler-osl-shaders/random-noise/LGStarField/LGStarField.osl -> LGStarField.oso
Compiled /home/ezequielm/Documents/dev/gaffer-examples/LDTGaffer/osl/source/sambler-osl-shaders/random-noise/TD4d_noise/TD4d_noise.osl -> TD4D_noise.oso
Compiled /home/ezequielm/Documents/dev/gaffer-examples/LDTGaffer/osl/source/sambler-osl-shaders/random-noise/MAFlowNoise/MAFlowNoise.osl -> MAFlowNoise.oso
FAILED /home/ezequielm/Documents/dev/gaffer-examples/LDTGaffer/osl/source/sambler-osl-shaders/character/LGEyeBall/LGEyeBall.osl
Compiled /home/ezequielm/Documents/dev/gaffer-examples/LDTGaffer/osl/source/sambler-osl-shaders/MJABook/12MABSymmetry/MABRotate270.osl -> MABRotate270.oso
Compiled /home/ezequielm/Documents/dev/gaffer-examples/LDTGaffer/osl/source/sambler-osl-shaders/MJABook/12MABSymmetry/MABMirrorLine.osl -> MABMirrorLine.oso
Compiled /home/ezequielm/Documents/dev/gaffer-examples/LDTGaffer/osl/source/sambler-osl-shaders/MJABook/12MABSymmetry/MABMirrorXY.osl -> MABMirrorXY.oso
Compiled /home/ezequielm/Documents/dev/gaffer-examples/LDTGaffer/osl/source/sambler-osl-shaders/MJABook/12MABSymmetry/MABMirrorV.osl -> MABMirrorV.oso
Compiled /home/ezequielm/Documents/dev/gaffer-examples/LDTGaffer/osl/source/sambler-osl-shaders/MJABook/12MABSymmetry/MABF.osl -> MABF.oso
Compiled /home/ezequielm/Documents/dev/gaffer-examples/LDTGaffer/osl/source/sambler-osl-shaders/MJABook/12MABSymmetry/MABRotate180.osl -> MABRotate180.oso
Compiled /home/ezequielm/Documents/dev/gaffer-examples/LDTGaffer/osl/source/sambler-osl-shaders/MJABook/12MABSymmetry/MABRotateOffset.osl -> MABRotateOffset.oso
Compiled /home/ezequielm/Documents/dev/gaffer-examples/LDTGaffer/osl/source/sambler-osl-shaders/MJABook/12MABSymmetry/MABRotate.osl -> MABRotate.oso
Compiled /home/ezequielm/Documents/dev/gaffer-examples/LDTGaffer/osl/source/sambler-osl-shaders/MJABook/12MABSymmetry/MABRotate90.osl -> MABRotate90.oso
Compiled /home/ezequielm/Documents/dev/gaffer-examples/LDTGaffer/osl/source/sambler-osl-shaders/MJABook/12MABSymmetry/MABMirrorH.osl -> MABMirrorH.oso
Compiled /home/ezequielm/Documents/dev/gaffer-examples/LDTGaffer/osl/source/sambler-osl-shaders/MJABook/10MABLeopard/MABLeopard.osl -> MABLeopard.oso
Compiled /home/ezequielm/Documents/dev/gaffer-examples/LDTGaffer/osl/source/sambler-osl-shaders/MJABook/13MABCastIronCover/MABCastIronCover.osl -> MABCastIronCover.oso
Compiled /home/ezequielm/Documents/dev/gaffer-examples/LDTGaffer/osl/source/sambler-osl-shaders/MJABook/03MABDiminishStripes/MABDiminishStripes.osl -> MABDiminishStripes.oso
Compiled /home/ezequielm/Documents/dev/gaffer-examples/LDTGaffer/osl/source/sambler-osl-shaders/MJABook/22MABHedgeImage/MABHedgeImage.osl -> MABHedgeImage.oso
Compiled /home/ezequielm/Documents/dev/gaffer-examples/LDTGaffer/osl/source/sambler-osl-shaders/MJABook/15MABRain/MABRain.osl -> MABRain.oso
Compiled /home/ezequielm/Documents/dev/gaffer-examples/LDTGaffer/osl/source/sambler-osl-shaders/MJABook/24MABMatrixDisplay/MABMatrixDisplay.osl -> MABMatrixDisplay.oso
Compiled /home/ezequielm/Documents/dev/gaffer-examples/LDTGaffer/osl/source/sambler-osl-shaders/MJABook/20MABSplat/MABSplat.osl -> MABSplat.oso
Compiled /home/ezequielm/Documents/dev/gaffer-examples/LDTGaffer/osl/source/sambler-osl-shaders/MJABook/02MABStripes/MABStripes.osl -> stripes.oso
Compiled /home/ezequielm/Documents/dev/gaffer-examples/LDTGaffer/osl/source/sambler-osl-shaders/MJABook/21MABHedge/MABHedge.osl -> MABHedge.oso
Compiled /home/ezequielm/Documents/dev/gaffer-examples/LDTGaffer/osl/source/sambler-osl-shaders/MJABook/16MABConcrete/MABConcrete.osl -> MABConcrete.oso
Compiled /home/ezequielm/Documents/dev/gaffer-examples/LDTGaffer/osl/source/sambler-osl-shaders/MJABook/23MABColourName/MABColourName.osl -> MABColourName.oso
Compiled /home/ezequielm/Documents/dev/gaffer-examples/LDTGaffer/osl/source/sambler-osl-shaders/MJABook/11MABDiamondPlate/MABDiamondPlate.osl -> MABDiamondPlate.oso
Compiled /home/ezequielm/Documents/dev/gaffer-examples/LDTGaffer/osl/source/sambler-osl-shaders/MJABook/19MABMountains/MABMountains.osl -> terrain.oso
Compiled /home/ezequielm/Documents/dev/gaffer-examples/LDTGaffer/osl/source/sambler-osl-shaders/MJABook/01MABColourRange/MABColourRange.osl -> MABColourRange.oso
Compiled /home/ezequielm/Documents/dev/gaffer-examples/LDTGaffer/osl/source/sambler-osl-shaders/MJABook/08MABRandomCircle/MABRandomCircle.osl -> MABRandomCircle.oso
Compiled /home/ezequielm/Documents/dev/gaffer-examples/LDTGaffer/osl/source/sambler-osl-shaders/MJABook/09MABDots/MABDots.osl -> MABDots.oso
FAILED /home/ezequielm/Documents/dev/gaffer-examples/LDTGaffer/osl/source/sambler-osl-shaders/MJABook/18MABSemiCircles/MABSemiCircles.osl
Compiled /home/ezequielm/Documents/dev/gaffer-examples/LDTGaffer/osl/source/sambler-osl-shaders/MJABook/14MABRipples/MABRipples.osl -> MABRipples.oso
Compiled /home/ezequielm/Documents/dev/gaffer-examples/LDTGaffer/osl/source/sambler-osl-shaders/MJABook/17MABSphericalDots/MABSphericalDots.osl -> MABSphericalDots.oso
Compiled /home/ezequielm/Documents/dev/gaffer-examples/LDTGaffer/osl/source/sambler-osl-shaders/MJABook/05MABVectorRotate/MABVectorRotate.osl -> rotate.oso
Compiled /home/ezequielm/Documents/dev/gaffer-examples/LDTGaffer/osl/source/sambler-osl-shaders/MJABook/06MABChecker/MABChecker.osl -> MABChecker.oso
Compiled /home/ezequielm/Documents/dev/gaffer-examples/LDTGaffer/osl/source/sambler-osl-shaders/MJABook/00MABRange/MABRange.osl -> MABRange.oso
Compiled /home/ezequielm/Documents/dev/gaffer-examples/LDTGaffer/osl/source/sambler-osl-shaders/MJABook/07MABTriangles/MABTriangles.osl -> MABTriangles.oso
Compiled /home/ezequielm/Documents/dev/gaffer-examples/LDTGaffer/osl/source/sambler-osl-shaders/MJABook/04MABVectorScale/MABVectorScale.osl -> MABVectorScale.oso
Compiled /home/ezequielm/Documents/dev/gaffer-examples/LDTGaffer/osl/source/sambler-osl-shaders/ramps/MAsoap_bubble/MAsoap_bubble.osl -> MAsoapbubble.oso
Compiled /home/ezequielm/Documents/dev/gaffer-examples/LDTGaffer/osl/source/sambler-osl-shaders/ramps/FLToon/FLToon.osl -> bi_toon_shader.oso
Compiled /home/ezequielm/Documents/dev/gaffer-examples/LDTGaffer/osl/source/sambler-osl-shaders/ramps/BaAmbientOcclusion/BaAmbientOcclusion.osl -> BaAmbientOcclusion.oso
Compiled /home/ezequielm/Documents/dev/gaffer-examples/LDTGaffer/osl/source/sambler-osl-shaders/ramps/IDOutline/IDOutline.osl -> outline.oso
FAILED /home/ezequielm/Documents/dev/gaffer-examples/LDTGaffer/osl/source/sambler-osl-shaders/ramps/TDdiffuse_ramp/TDdiffuse_ramp.osl
FAILED /home/ezequielm/Documents/dev/gaffer-examples/LDTGaffer/osl/source/sambler-osl-shaders/ramps/TDphong_ramp/TDphong_ramp.osl
FAILED /home/ezequielm/Documents/dev/gaffer-examples/LDTGaffer/osl/source/sambler-osl-shaders/ramps/FGgao_ambient_occlusion/FGgao_ambient_occlusion.osl
Compiled /home/ezequielm/Documents/dev/gaffer-examples/LDTGaffer/osl/source/sambler-osl-shaders/ramps/TDwireframe/TDwireframe.osl -> TDwireframe.oso
Compiled /home/ezequielm/Documents/dev/gaffer-examples/LDTGaffer/osl/source/sambler-osl-shaders/ramps/MAlight_vec/MAlight_vec.osl -> MAlightvec.oso
Compiled /home/ezequielm/Documents/dev/gaffer-examples/LDTGaffer/osl/source/sambler-osl-shaders/ramps/ChPosterise/ChPosterise.osl -> posterise.oso
Compiled /home/ezequielm/Documents/dev/gaffer-examples/LDTGaffer/osl/source/sambler-osl-shaders/ramps/MAtoon/MAtoon.osl -> MAtoon.oso
Compiled /home/ezequielm/Documents/dev/gaffer-examples/LDTGaffer/osl/source/sambler-osl-shaders/ramps/BaiRobotMix/BaiRobotMix.osl -> BaiRobotMix.oso
Compiled /home/ezequielm/Documents/dev/gaffer-examples/LDTGaffer/osl/source/sambler-osl-shaders/ramps/JWFakeVolume/JWFakeVolume.osl -> JWFakeVolume.oso
FAILED /home/ezequielm/Documents/dev/gaffer-examples/LDTGaffer/osl/source/sambler-osl-shaders/ramps/BaVelvet/BaVelvet.osl
FAILED /home/ezequielm/Documents/dev/gaffer-examples/LDTGaffer/osl/source/sambler-osl-shaders/combine-multiple/FBImagePlanet/FBimage_planet.osl
Compiled /home/ezequielm/Documents/dev/gaffer-examples/LDTGaffer/osl/source/sambler-osl-shaders/combine-multiple/FBinterior_mapping.osl -> FBinterior_mapping.oso
FAILED /home/ezequielm/Documents/dev/gaffer-examples/LDTGaffer/osl/source/sambler-osl-shaders/stone/LGGreenMarble/LGGreenMarble.osl
FAILED /home/ezequielm/Documents/dev/gaffer-examples/LDTGaffer/osl/source/sambler-osl-shaders/stone/LGVeinedMarble/LGVeinedMarble.osl
FAILED /home/ezequielm/Documents/dev/gaffer-examples/LDTGaffer/osl/source/sambler-osl-shaders/stone/SARock/SARockLayer.osl
FAILED /home/ezequielm/Documents/dev/gaffer-examples/LDTGaffer/osl/source/sambler-osl-shaders/stone/SARock/SARock.osl
FAILED /home/ezequielm/Documents/dev/gaffer-examples/LDTGaffer/osl/source/sambler-osl-shaders/metal/ElGold/ElGold.osl
FAILED /home/ezequielm/Documents/dev/gaffer-examples/LDTGaffer/osl/source/sambler-osl-shaders/metal/LGRustyMetal/LGRustyMetal.osl
Compiled /home/ezequielm/Documents/dev/gaffer-examples/LDTGaffer/osl/source/sambler-osl-shaders/lib/SAatan2.osl -> SAatan2.oso
Compiled /home/ezequielm/Documents/dev/gaffer-examples/LDTGaffer/osl/source/sambler-osl-shaders/lib/ChHardMix.osl -> hardmix.oso
Compiled /home/ezequielm/Documents/dev/gaffer-examples/LDTGaffer/osl/source/sambler-osl-shaders/lib/ChSmoothStep.osl -> ChSmoothStep.oso
Compiled /home/ezequielm/Documents/dev/gaffer-examples/LDTGaffer/osl/source/sambler-osl-shaders/lib/ChOutOfRange.osl -> ChOutOfRange.oso
Compiled /home/ezequielm/Documents/dev/gaffer-examples/LDTGaffer/osl/source/sambler-osl-shaders/lib/MAEllipseMask.osl -> MAEllipseMask.oso
Compiled /home/ezequielm/Documents/dev/gaffer-examples/LDTGaffer/osl/source/sambler-osl-shaders/lib/FBreflection.osl -> FBreflection.oso
FAILED /home/ezequielm/Documents/dev/gaffer-examples/LDTGaffer/osl/source/sambler-osl-shaders/lib/MAMinDistance.osl
Compiled /home/ezequielm/Documents/dev/gaffer-examples/LDTGaffer/osl/source/sambler-osl-shaders/lib/TDSeparateHSV.osl -> TDSeparateHSV.oso
Compiled /home/ezequielm/Documents/dev/gaffer-examples/LDTGaffer/osl/source/sambler-osl-shaders/lib/SAPointInput.osl -> SAPointInput.oso
Compiled /home/ezequielm/Documents/dev/gaffer-examples/LDTGaffer/osl/source/sambler-osl-shaders/lib/ChVectorMath.osl -> vectormath.oso
Compiled /home/ezequielm/Documents/dev/gaffer-examples/LDTGaffer/osl/source/sambler-osl-shaders/lib/SAInputRGB.osl -> SARGBInput.oso
Compiled /home/ezequielm/Documents/dev/gaffer-examples/LDTGaffer/osl/source/sambler-osl-shaders/lib/TDCombineHSV.osl -> TDCombineHSV.oso
Compiled /home/ezequielm/Documents/dev/gaffer-examples/LDTGaffer/osl/source/sambler-osl-shaders/lib/ChGlobals.osl -> globals.oso
Compiled /home/ezequielm/Documents/dev/gaffer-examples/LDTGaffer/osl/source/3dsMax-OSL-Shaders/SetFile.osl -> SetFile.oso
Compiled /home/ezequielm/Documents/dev/gaffer-examples/LDTGaffer/osl/source/3dsMax-OSL-Shaders/FloatSqrt.osl -> FloatSqrt.oso
Compiled /home/ezequielm/Documents/dev/gaffer-examples/LDTGaffer/osl/source/3dsMax-OSL-Shaders/Float2Int.osl -> Float2Int.oso
Compiled /home/ezequielm/Documents/dev/gaffer-examples/LDTGaffer/osl/source/3dsMax-OSL-Shaders/SetColor.osl -> SetColor.oso
Compiled /home/ezequielm/Documents/dev/gaffer-examples/LDTGaffer/osl/source/3dsMax-OSL-Shaders/FloatSub.osl -> FloatSub.oso
Compiled /home/ezequielm/Documents/dev/gaffer-examples/LDTGaffer/osl/source/3dsMax-OSL-Shaders/UVWRowOffset.osl -> UVWRowOffset.oso
Compiled /home/ezequielm/Documents/dev/gaffer-examples/LDTGaffer/osl/source/3dsMax-OSL-Shaders/SphericalProjector.osl -> SphericalProjector.oso
Compiled /home/ezequielm/Documents/dev/gaffer-examples/LDTGaffer/osl/source/3dsMax-OSL-Shaders/FloatAbs.osl -> FloatAbs.oso
Compiled /home/ezequielm/Documents/dev/gaffer-examples/LDTGaffer/osl/source/3dsMax-OSL-Shaders/FloatInterpolate.osl -> FloatInterpolate.oso
Compiled /home/ezequielm/Documents/dev/gaffer-examples/LDTGaffer/osl/source/3dsMax-OSL-Shaders/FloatClamp.osl -> FloatClamp.oso
Compiled /home/ezequielm/Documents/dev/gaffer-examples/LDTGaffer/osl/source/3dsMax-OSL-Shaders/ColorSpace.osl -> ColorSpace.oso
Compiled /home/ezequielm/Documents/dev/gaffer-examples/LDTGaffer/osl/source/3dsMax-OSL-Shaders/FloatRecip.osl -> FloatRecip.oso
Compiled /home/ezequielm/Documents/dev/gaffer-examples/LDTGaffer/osl/source/3dsMax-OSL-Shaders/VectorNorm.osl -> VectorNorm.oso
Compiled /home/ezequielm/Documents/dev/gaffer-examples/LDTGaffer/osl/source/3dsMax-OSL-Shaders/GetNodeName.osl -> GetNodeName.oso
Compiled /home/ezequielm/Documents/dev/gaffer-examples/LDTGaffer/osl/source/3dsMax-OSL-Shaders/Digits.osl -> Digits.oso
Compiled /home/ezequielm/Documents/dev/gaffer-examples/LDTGaffer/osl/source/3dsMax-OSL-Shaders/FloatCos.osl -> FloatCos.oso
Compiled /home/ezequielm/Documents/dev/gaffer-examples/LDTGaffer/osl/source/3dsMax-OSL-Shaders/VectorCross.osl -> VectorCross.oso
Compiled /home/ezequielm/Documents/dev/gaffer-examples/LDTGaffer/osl/source/3dsMax-OSL-Shaders/ColorJuggler.osl -> ColorJuggler.oso
Compiled /home/ezequielm/Documents/dev/gaffer-examples/LDTGaffer/osl/source/3dsMax-OSL-Shaders/FloatMin.osl -> FloatMin.oso
Compiled /home/ezequielm/Documents/dev/gaffer-examples/LDTGaffer/osl/source/3dsMax-OSL-Shaders/GaborNoise.osl -> GaborNoise.oso
Compiled /home/ezequielm/Documents/dev/gaffer-examples/LDTGaffer/osl/source/3dsMax-OSL-Shaders/HDRILights.osl -> HDRILights.oso
Compiled /home/ezequielm/Documents/dev/gaffer-examples/LDTGaffer/osl/source/3dsMax-OSL-Shaders/Noise3D.osl -> Noise3D.oso
Compiled /home/ezequielm/Documents/dev/gaffer-examples/LDTGaffer/osl/source/3dsMax-OSL-Shaders/RadToDeg.osl -> RadToDeg.oso
Compiled /home/ezequielm/Documents/dev/gaffer-examples/LDTGaffer/osl/source/3dsMax-OSL-Shaders/UberBitmap.osl -> UberBitmap2.oso
Compiled /home/ezequielm/Documents/dev/gaffer-examples/LDTGaffer/osl/source/3dsMax-OSL-Shaders/FloatCurves.osl -> FloatCurves.oso
Compiled /home/ezequielm/Documents/dev/gaffer-examples/LDTGaffer/osl/source/3dsMax-OSL-Shaders/GreaterThan.osl -> GreaterThan.oso
Compiled /home/ezequielm/Documents/dev/gaffer-examples/LDTGaffer/osl/source/3dsMax-OSL-Shaders/GetAttribute.osl -> GetAttribute.oso
Compiled /home/ezequielm/Documents/dev/gaffer-examples/LDTGaffer/osl/source/3dsMax-OSL-Shaders/Normal.osl -> Normal.oso
Compiled /home/ezequielm/Documents/dev/gaffer-examples/LDTGaffer/osl/source/3dsMax-OSL-Shaders/GetWireColor.osl -> GetWireColor.oso
Compiled /home/ezequielm/Documents/dev/gaffer-examples/LDTGaffer/osl/source/3dsMax-OSL-Shaders/FloatTan.osl -> FloatTan.oso
Compiled /home/ezequielm/Documents/dev/gaffer-examples/LDTGaffer/osl/source/3dsMax-OSL-Shaders/VectorMax.osl -> VectorMax.oso
Compiled /home/ezequielm/Documents/dev/gaffer-examples/LDTGaffer/osl/source/3dsMax-OSL-Shaders/SetVector.osl -> SetVector.oso
Compiled /home/ezequielm/Documents/dev/gaffer-examples/LDTGaffer/osl/source/3dsMax-OSL-Shaders/GetFrame.osl -> GetFrame.oso
Compiled /home/ezequielm/Documents/dev/gaffer-examples/LDTGaffer/osl/source/3dsMax-OSL-Shaders/LiftGammaGain.osl -> LiftGammaGain.oso
Compiled /home/ezequielm/Documents/dev/gaffer-examples/LDTGaffer/osl/source/3dsMax-OSL-Shaders/EnvBGSwitch.osl -> EnvironmentBackground.oso
Compiled /home/ezequielm/Documents/dev/gaffer-examples/LDTGaffer/osl/source/3dsMax-OSL-Shaders/VectorSub.osl -> VectorSub.oso
Compiled /home/ezequielm/Documents/dev/gaffer-examples/LDTGaffer/osl/source/3dsMax-OSL-Shaders/Rivets.osl -> Rivets.oso
Compiled /home/ezequielm/Documents/dev/gaffer-examples/LDTGaffer/osl/source/3dsMax-OSL-Shaders/FloatLogX.osl -> FloatLogX.oso
Compiled /home/ezequielm/Documents/dev/gaffer-examples/LDTGaffer/osl/source/3dsMax-OSL-Shaders/UberNoise.osl -> UberNoise.oso
Compiled /home/ezequielm/Documents/dev/gaffer-examples/LDTGaffer/osl/source/3dsMax-OSL-Shaders/HDRIEnviron.osl -> HDRIenv.oso
Compiled /home/ezequielm/Documents/dev/gaffer-examples/LDTGaffer/osl/source/3dsMax-OSL-Shaders/VectorDiv.osl -> VectorDiv.oso
Compiled /home/ezequielm/Documents/dev/gaffer-examples/LDTGaffer/osl/source/3dsMax-OSL-Shaders/RandomBitmap2.osl -> RandomBitmaps2.oso
Compiled /home/ezequielm/Documents/dev/gaffer-examples/LDTGaffer/osl/source/3dsMax-OSL-Shaders/ColorAdd.osl -> ColorAdd.oso
Compiled /home/ezequielm/Documents/dev/gaffer-examples/LDTGaffer/osl/source/3dsMax-OSL-Shaders/Composite.osl -> Composite.oso
Compiled /home/ezequielm/Documents/dev/gaffer-examples/LDTGaffer/osl/source/3dsMax-OSL-Shaders/Color1ofN.osl -> Float1ofN.oso
Compiled /home/ezequielm/Documents/dev/gaffer-examples/LDTGaffer/osl/source/3dsMax-OSL-Shaders/SetNumFile.osl -> SetNumFile.oso
Compiled /home/ezequielm/Documents/dev/gaffer-examples/LDTGaffer/osl/source/3dsMax-OSL-Shaders/ObjectProjector.osl -> ObjectProjector.oso
Compiled /home/ezequielm/Documents/dev/gaffer-examples/LDTGaffer/osl/source/3dsMax-OSL-Shaders/IdxRndCol.osl -> IdxRndCol.oso
Compiled /home/ezequielm/Documents/dev/gaffer-examples/LDTGaffer/osl/source/3dsMax-OSL-Shaders/MatCapUV.osl -> MatCapUV.oso
Compiled /home/ezequielm/Documents/dev/gaffer-examples/LDTGaffer/osl/source/3dsMax-OSL-Shaders/GetUVW.osl -> GetUVW.oso
Compiled /home/ezequielm/Documents/dev/gaffer-examples/LDTGaffer/osl/source/3dsMax-OSL-Shaders/ToonWidth.osl -> ToonWidth.oso
Compiled /home/ezequielm/Documents/dev/gaffer-examples/LDTGaffer/osl/source/3dsMax-OSL-Shaders/checker.osl -> Checker.oso
Compiled /home/ezequielm/Documents/dev/gaffer-examples/LDTGaffer/osl/source/3dsMax-OSL-Shaders/FloatPow.osl -> FloatPow.oso
Compiled /home/ezequielm/Documents/dev/gaffer-examples/LDTGaffer/osl/source/3dsMax-OSL-Shaders/Halftone.osl -> HalftoneDots.oso
Compiled /home/ezequielm/Documents/dev/gaffer-examples/LDTGaffer/osl/source/3dsMax-OSL-Shaders/SpecGlossToPhysical.osl -> SpecGlosToPhysical.oso
Compiled /home/ezequielm/Documents/dev/gaffer-examples/LDTGaffer/osl/source/3dsMax-OSL-Shaders/DegToRad.osl -> DegToRad.oso
Compiled /home/ezequielm/Documents/dev/gaffer-examples/LDTGaffer/osl/source/3dsMax-OSL-Shaders/GetCoordSpace.osl -> GetCoordSpace.oso
Compiled /home/ezequielm/Documents/dev/gaffer-examples/LDTGaffer/osl/source/3dsMax-OSL-Shaders/SetInt.osl -> SetInt.oso
Compiled /home/ezequielm/Documents/dev/gaffer-examples/LDTGaffer/osl/source/3dsMax-OSL-Shaders/VectorJuggler.osl -> VectorJuggler.oso
Compiled /home/ezequielm/Documents/dev/gaffer-examples/LDTGaffer/osl/source/3dsMax-OSL-Shaders/FloatACos.osl -> FloatACos.oso
Compiled /home/ezequielm/Documents/dev/gaffer-examples/LDTGaffer/osl/source/3dsMax-OSL-Shaders/ColorClamp.osl -> ColorClamp.oso
Compiled /home/ezequielm/Documents/dev/gaffer-examples/LDTGaffer/osl/source/3dsMax-OSL-Shaders/OSLBitmap.osl -> OSLBitmap2.oso
Compiled /home/ezequielm/Documents/dev/gaffer-examples/LDTGaffer/osl/source/3dsMax-OSL-Shaders/Threads.osl -> Threads.oso
Compiled /home/ezequielm/Documents/dev/gaffer-examples/LDTGaffer/osl/source/3dsMax-OSL-Shaders/WireFrame.osl -> WireFrame.oso
Compiled /home/ezequielm/Documents/dev/gaffer-examples/LDTGaffer/osl/source/3dsMax-OSL-Shaders/RandomIndex.osl -> RandomIndex.oso
Compiled /home/ezequielm/Documents/dev/gaffer-examples/LDTGaffer/osl/source/3dsMax-OSL-Shaders/Float1ofN.osl -> Float1ofN.oso
Compiled /home/ezequielm/Documents/dev/gaffer-examples/LDTGaffer/osl/source/3dsMax-OSL-Shaders/FloatAdd.osl -> FloatAdd.oso
Compiled /home/ezequielm/Documents/dev/gaffer-examples/LDTGaffer/osl/source/3dsMax-OSL-Shaders/ColorCorrect.osl -> UberColorCorrect.oso
Compiled /home/ezequielm/Documents/dev/gaffer-examples/LDTGaffer/osl/source/3dsMax-OSL-Shaders/ColorMax.osl -> ColorMax.oso
Compiled /home/ezequielm/Documents/dev/gaffer-examples/LDTGaffer/osl/source/3dsMax-OSL-Shaders/GetNodeID.osl -> GetNodeID.oso
Compiled /home/ezequielm/Documents/dev/gaffer-examples/LDTGaffer/osl/source/3dsMax-OSL-Shaders/FloatMod.osl -> FloatMod.oso
Compiled /home/ezequielm/Documents/dev/gaffer-examples/LDTGaffer/osl/source/3dsMax-OSL-Shaders/FloatNegate.osl -> FloatNegate.oso
Compiled /home/ezequielm/Documents/dev/gaffer-examples/LDTGaffer/osl/source/3dsMax-OSL-Shaders/FloatRange.osl -> FloatRange.oso
Compiled /home/ezequielm/Documents/dev/gaffer-examples/LDTGaffer/osl/source/3dsMax-OSL-Shaders/UVWEnviron.osl -> UVWEnviron.oso
Compiled /home/ezequielm/Documents/dev/gaffer-examples/LDTGaffer/osl/source/3dsMax-OSL-Shaders/VectorMin.osl -> VectorMin.oso
Compiled /home/ezequielm/Documents/dev/gaffer-examples/LDTGaffer/osl/source/3dsMax-OSL-Shaders/FloatComp.osl -> FloatComp.oso
Compiled /home/ezequielm/Documents/dev/gaffer-examples/LDTGaffer/osl/source/3dsMax-OSL-Shaders/ColorMul.osl -> ColorMul.oso
Compiled /home/ezequielm/Documents/dev/gaffer-examples/LDTGaffer/osl/source/3dsMax-OSL-Shaders/ColorComp.osl -> ColorComp.oso
Compiled /home/ezequielm/Documents/dev/gaffer-examples/LDTGaffer/osl/source/3dsMax-OSL-Shaders/SimpleGradient.osl -> Gradient2.oso
Compiled /home/ezequielm/Documents/dev/gaffer-examples/LDTGaffer/osl/source/3dsMax-OSL-Shaders/VectorLength.osl -> VectorLength.oso
Compiled /home/ezequielm/Documents/dev/gaffer-examples/LDTGaffer/osl/source/3dsMax-OSL-Shaders/FloatDiv.osl -> FloatDiv.oso
Compiled /home/ezequielm/Documents/dev/gaffer-examples/LDTGaffer/osl/source/3dsMax-OSL-Shaders/BlackBody.osl -> Blackbody.oso
Compiled /home/ezequielm/Documents/dev/gaffer-examples/LDTGaffer/osl/source/3dsMax-OSL-Shaders/UVWTransform.osl -> UVWTransform.oso
Compiled /home/ezequielm/Documents/dev/gaffer-examples/LDTGaffer/osl/source/3dsMax-OSL-Shaders/SmoothStep.osl -> FloatSmoothStep.oso
Compiled /home/ezequielm/Documents/dev/gaffer-examples/LDTGaffer/osl/source/3dsMax-OSL-Shaders/GetTime.osl -> GetTime.oso
Compiled /home/ezequielm/Documents/dev/gaffer-examples/LDTGaffer/osl/source/3dsMax-OSL-Shaders/Interpolate.osl -> Interpolate.oso
Compiled /home/ezequielm/Documents/dev/gaffer-examples/LDTGaffer/osl/source/3dsMax-OSL-Shaders/ColorDiv.osl -> ColorDiv.oso
Compiled /home/ezequielm/Documents/dev/gaffer-examples/LDTGaffer/osl/source/3dsMax-OSL-Shaders/GetObjSpace.osl -> GetObjSpace.oso
Compiled /home/ezequielm/Documents/dev/gaffer-examples/LDTGaffer/osl/source/3dsMax-OSL-Shaders/IdxRndVec.osl -> IdxRndVec.oso
Compiled /home/ezequielm/Documents/dev/gaffer-examples/LDTGaffer/osl/source/3dsMax-OSL-Shaders/FloatAngle.osl -> FloatAngle.oso
Compiled /home/ezequielm/Documents/dev/gaffer-examples/LDTGaffer/osl/source/3dsMax-OSL-Shaders/VectorMul.osl -> VectorMul.oso
Compiled /home/ezequielm/Documents/dev/gaffer-examples/LDTGaffer/osl/source/3dsMax-OSL-Shaders/SimpleTiles.osl -> SimpleTiles.oso
Compiled /home/ezequielm/Documents/dev/gaffer-examples/LDTGaffer/osl/source/3dsMax-OSL-Shaders/ColorSub.osl -> ColorSub.oso
Compiled /home/ezequielm/Documents/dev/gaffer-examples/LDTGaffer/osl/source/3dsMax-OSL-Shaders/VectorDist.osl -> VectorDist.oso
Compiled /home/ezequielm/Documents/dev/gaffer-examples/LDTGaffer/osl/source/3dsMax-OSL-Shaders/ColorTweak.osl -> ColorTweak.oso
Compiled /home/ezequielm/Documents/dev/gaffer-examples/LDTGaffer/osl/source/3dsMax-OSL-Shaders/FloatASin.osl -> FloatASin.oso
Compiled /home/ezequielm/Documents/dev/gaffer-examples/LDTGaffer/osl/source/3dsMax-OSL-Shaders/CameraProjector.osl -> CameraProjector.oso
Compiled /home/ezequielm/Documents/dev/gaffer-examples/LDTGaffer/osl/source/3dsMax-OSL-Shaders/ColorCurves.osl -> ColorCurves.oso
Compiled /home/ezequielm/Documents/dev/gaffer-examples/LDTGaffer/osl/source/3dsMax-OSL-Shaders/VectorAdd.osl -> VectorAdd.oso
Compiled /home/ezequielm/Documents/dev/gaffer-examples/LDTGaffer/osl/source/3dsMax-OSL-Shaders/FloatATan.osl -> FloatATan.oso
Compiled /home/ezequielm/Documents/dev/gaffer-examples/LDTGaffer/osl/source/3dsMax-OSL-Shaders/SetString.osl -> SetString.oso
Compiled /home/ezequielm/Documents/dev/gaffer-examples/LDTGaffer/osl/source/3dsMax-OSL-Shaders/ColorKey.osl -> ColorKey.oso
Compiled /home/ezequielm/Documents/dev/gaffer-examples/LDTGaffer/osl/source/3dsMax-OSL-Shaders/Waveform.osl -> Waveform.oso
Compiled /home/ezequielm/Documents/dev/gaffer-examples/LDTGaffer/osl/source/3dsMax-OSL-Shaders/SmoothStepC.osl -> SmoothStepC.oso
Compiled /home/ezequielm/Documents/dev/gaffer-examples/LDTGaffer/osl/source/3dsMax-OSL-Shaders/IdxRndFlt.osl -> IdxRndFlt.oso
Compiled /home/ezequielm/Documents/dev/gaffer-examples/LDTGaffer/osl/source/3dsMax-OSL-Shaders/GetParticleAge.osl -> GetParticleAge.oso
Compiled /home/ezequielm/Documents/dev/gaffer-examples/LDTGaffer/osl/source/3dsMax-OSL-Shaders/GetMtlID.osl -> GetMtlID.oso
Compiled /home/ezequielm/Documents/dev/gaffer-examples/LDTGaffer/osl/source/3dsMax-OSL-Shaders/Noise.osl -> Noise.oso
Compiled /home/ezequielm/Documents/dev/gaffer-examples/LDTGaffer/osl/source/3dsMax-OSL-Shaders/VectorDot.osl -> VectorDot.oso
Compiled /home/ezequielm/Documents/dev/gaffer-examples/LDTGaffer/osl/source/3dsMax-OSL-Shaders/FloatSin.osl -> FloatSin.oso
Compiled /home/ezequielm/Documents/dev/gaffer-examples/LDTGaffer/osl/source/3dsMax-OSL-Shaders/SetFloat.osl -> SetFloat.oso
Compiled /home/ezequielm/Documents/dev/gaffer-examples/LDTGaffer/osl/source/3dsMax-OSL-Shaders/ColorMin.osl -> ColorMin.oso
Compiled /home/ezequielm/Documents/dev/gaffer-examples/LDTGaffer/osl/source/3dsMax-OSL-Shaders/Wavelength.osl -> WaveLength.oso
Compiled /home/ezequielm/Documents/dev/gaffer-examples/LDTGaffer/osl/source/3dsMax-OSL-Shaders/FourPointGradient.osl -> FourPointGradient.oso
Compiled /home/ezequielm/Documents/dev/gaffer-examples/LDTGaffer/osl/source/3dsMax-OSL-Shaders/FloatMul.osl -> FloatMul.oso
Compiled /home/ezequielm/Documents/dev/gaffer-examples/LDTGaffer/osl/source/3dsMax-OSL-Shaders/Weave.osl -> Weave.oso
Compiled /home/ezequielm/Documents/dev/gaffer-examples/LDTGaffer/osl/source/3dsMax-OSL-Shaders/TriTone.osl -> TriTone.oso
Compiled /home/ezequielm/Documents/dev/gaffer-examples/LDTGaffer/osl/source/3dsMax-OSL-Shaders/Candy.osl -> Candy.oso
Compiled /home/ezequielm/Documents/dev/gaffer-examples/LDTGaffer/osl/source/3dsMax-OSL-Shaders/FloatExp.osl -> FloatExp.oso
Compiled /home/ezequielm/Documents/dev/gaffer-examples/LDTGaffer/osl/source/3dsMax-OSL-Shaders/VectorInv.osl -> VectorInv.oso
Compiled /home/ezequielm/Documents/dev/gaffer-examples/LDTGaffer/osl/source/3dsMax-OSL-Shaders/Mandelbrot.osl -> Mandelbrot.oso
Compiled /home/ezequielm/Documents/dev/gaffer-examples/LDTGaffer/osl/source/3dsMax-OSL-Shaders/Compare.osl -> Compare.oso
Compiled /home/ezequielm/Documents/dev/gaffer-examples/LDTGaffer/osl/source/3dsMax-OSL-Shaders/GetObjectID.osl -> GetObjectID.oso
Compiled /home/ezequielm/Documents/dev/gaffer-examples/LDTGaffer/osl/source/3dsMax-OSL-Shaders/FloatLog.osl -> FloatLog.oso
Compiled /home/ezequielm/Documents/dev/gaffer-examples/LDTGaffer/osl/source/3dsMax-OSL-Shaders/FloatMax.osl -> FloatMax.oso
Compiled /home/ezequielm/Documents/dev/gaffer-examples/LDTGaffer/osl/source/3dsMax-OSL-Shaders/Falloff.osl -> Falloff.oso
Compiled /home/ezequielm/Documents/dev/gaffer-examples/LDTGaffer/osl/include/node_output_displacement.osl -> node_output_displacement.oso
Compiled /home/ezequielm/Documents/dev/gaffer-examples/LDTGaffer/osl/include/node_emission.osl -> node_emission.oso
Compiled /home/ezequielm/Documents/dev/gaffer-examples/LDTGaffer/osl/include/node_combine_rgb.osl -> node_combine_rgb.oso
Compiled /home/ezequielm/Documents/dev/gaffer-examples/LDTGaffer/osl/include/node_math.osl -> node_math.oso
Compiled /home/ezequielm/Documents/dev/gaffer-examples/LDTGaffer/osl/include/node_gamma.osl -> node_gamma.oso
Compiled /home/ezequielm/Documents/dev/gaffer-examples/LDTGaffer/osl/include/node_tangent.osl -> node_tangent.oso
Compiled /home/ezequielm/Documents/dev/gaffer-examples/LDTGaffer/osl/include/node_transparent_bsdf.osl -> node_transparent_bsdf.oso
Compiled /home/ezequielm/Documents/dev/gaffer-examples/LDTGaffer/osl/include/node_hsv.osl -> node_hsv.oso
Compiled /home/ezequielm/Documents/dev/gaffer-examples/LDTGaffer/osl/include/node_vector_math.osl -> node_vector_math.oso
Compiled /home/ezequielm/Documents/dev/gaffer-examples/LDTGaffer/osl/include/node_output_surface.osl -> node_output_surface.oso
Compiled /home/ezequielm/Documents/dev/gaffer-examples/LDTGaffer/osl/include/node_light_path.osl -> node_light_path.oso
Compiled /home/ezequielm/Documents/dev/gaffer-examples/LDTGaffer/osl/include/node_noise_texture.osl -> node_noise_texture.oso
Compiled /home/ezequielm/Documents/dev/gaffer-examples/LDTGaffer/osl/include/node_blackbody.osl -> node_blackbody.oso
Compiled /home/ezequielm/Documents/dev/gaffer-examples/LDTGaffer/osl/include/node_bump.osl -> node_bump.oso
Compiled /home/ezequielm/Documents/dev/gaffer-examples/LDTGaffer/osl/include/node_rgb_ramp.osl -> node_rgb_ramp.oso
Compiled /home/ezequielm/Documents/dev/gaffer-examples/LDTGaffer/osl/include/node_refraction_bsdf.osl -> node_refraction_bsdf.oso
Compiled /home/ezequielm/Documents/dev/gaffer-examples/LDTGaffer/osl/include/node_toon_bsdf.osl -> node_toon_bsdf.oso
Compiled /home/ezequielm/Documents/dev/gaffer-examples/LDTGaffer/osl/include/node_mix.osl -> node_mix.oso
Compiled /home/ezequielm/Documents/dev/gaffer-examples/LDTGaffer/osl/include/node_diffuse_bsdf.osl -> node_diffuse_bsdf.oso
Compiled /home/ezequielm/Documents/dev/gaffer-examples/LDTGaffer/osl/include/node_object_info.osl -> node_object_info.oso
Compiled /home/ezequielm/Documents/dev/gaffer-examples/LDTGaffer/osl/include/node_mix_closure.osl -> node_mix_closure.oso
Compiled /home/ezequielm/Documents/dev/gaffer-examples/LDTGaffer/osl/include/node_brick_texture.osl -> node_brick_texture.oso
Compiled /home/ezequielm/Documents/dev/gaffer-examples/LDTGaffer/osl/include/node_vector_curves.osl -> node_vector_curves.oso
Compiled /home/ezequielm/Documents/dev/gaffer-examples/LDTGaffer/osl/include/node_background.osl -> node_background.oso
Compiled /home/ezequielm/Documents/dev/gaffer-examples/LDTGaffer/osl/include/node_translucent_bsdf.osl -> node_translucent_bsdf.oso
Compiled /home/ezequielm/Documents/dev/gaffer-examples/LDTGaffer/osl/include/node_wave_texture.osl -> node_wave_texture.oso
Compiled /home/ezequielm/Documents/dev/gaffer-examples/LDTGaffer/osl/include/node_environment_texture.osl -> node_environment_texture.oso
Compiled /home/ezequielm/Documents/dev/gaffer-examples/LDTGaffer/osl/include/node_rgb_curves.osl -> node_rgb_curves.oso
Compiled /home/ezequielm/Documents/dev/gaffer-examples/LDTGaffer/osl/include/node_glossy_bsdf.osl -> node_glossy_bsdf.oso
Compiled /home/ezequielm/Documents/dev/gaffer-examples/LDTGaffer/osl/include/node_normal.osl -> node_normal.oso
Compiled /home/ezequielm/Documents/dev/gaffer-examples/LDTGaffer/osl/include/node_sky_texture.osl -> node_sky_texture.oso
Compiled /home/ezequielm/Documents/dev/gaffer-examples/LDTGaffer/osl/include/node_convert_from_normal.osl -> node_convert_from_normal.oso
Compiled /home/ezequielm/Documents/dev/gaffer-examples/LDTGaffer/osl/include/node_convert_from_float.osl -> node_convert_from_float.oso
Compiled /home/ezequielm/Documents/dev/gaffer-examples/LDTGaffer/osl/include/node_ambient_occlusion.osl -> node_ambient_occlusion.oso
Compiled /home/ezequielm/Documents/dev/gaffer-examples/LDTGaffer/osl/include/node_combine_xyz.osl -> node_combine_xyz.oso
Compiled /home/ezequielm/Documents/dev/gaffer-examples/LDTGaffer/osl/include/node_layer_weight.osl -> node_layer_weight.oso
Compiled /home/ezequielm/Documents/dev/gaffer-examples/LDTGaffer/osl/include/node_camera.osl -> node_camera.oso
Compiled /home/ezequielm/Documents/dev/gaffer-examples/LDTGaffer/osl/include/node_wireframe.osl -> node_wireframe.oso
Compiled /home/ezequielm/Documents/dev/gaffer-examples/LDTGaffer/osl/include/node_hair_info.osl -> node_hair_info.oso
Compiled /home/ezequielm/Documents/dev/gaffer-examples/LDTGaffer/osl/include/node_vector_transform.osl -> node_vector_transform.oso
Compiled /home/ezequielm/Documents/dev/gaffer-examples/LDTGaffer/osl/include/node_scatter_volume.osl -> node_scatter_volume.oso
Compiled /home/ezequielm/Documents/dev/gaffer-examples/LDTGaffer/osl/include/node_convert_from_color.osl -> node_convert_from_color.oso
Compiled /home/ezequielm/Documents/dev/gaffer-examples/LDTGaffer/osl/include/node_velvet_bsdf.osl -> node_velvet_bsdf.oso
Compiled /home/ezequielm/Documents/dev/gaffer-examples/LDTGaffer/osl/include/node_glass_bsdf.osl -> node_glass_bsdf.oso
Compiled /home/ezequielm/Documents/dev/gaffer-examples/LDTGaffer/osl/include/node_particle_info.osl -> node_particle_info.oso
Compiled /home/ezequielm/Documents/dev/gaffer-examples/LDTGaffer/osl/include/node_geometry.osl -> node_geometry.oso
Compiled /home/ezequielm/Documents/dev/gaffer-examples/LDTGaffer/osl/include/node_checker_texture.osl -> node_checker_texture.oso
Compiled /home/ezequielm/Documents/dev/gaffer-examples/LDTGaffer/osl/include/node_output_volume.osl -> node_output_volume.oso
Compiled /home/ezequielm/Documents/dev/gaffer-examples/LDTGaffer/osl/include/node_combine_hsv.osl -> node_combine_hsv.oso
Compiled /home/ezequielm/Documents/dev/gaffer-examples/LDTGaffer/osl/include/node_mapping.osl -> node_mapping.oso
Compiled /home/ezequielm/Documents/dev/gaffer-examples/LDTGaffer/osl/include/node_convert_from_point.osl -> node_convert_from_point.oso
Compiled /home/ezequielm/Documents/dev/gaffer-examples/LDTGaffer/osl/include/node_uv_map.osl -> node_uv_map.oso
Compiled /home/ezequielm/Documents/dev/gaffer-examples/LDTGaffer/osl/include/node_invert.osl -> node_invert.oso
Compiled /home/ezequielm/Documents/dev/gaffer-examples/LDTGaffer/osl/include/node_absorption_volume.osl -> node_absorption_volume.oso
Compiled /home/ezequielm/Documents/dev/gaffer-examples/LDTGaffer/osl/include/node_wavelength.osl -> node_wavelength.oso
Compiled /home/ezequielm/Documents/dev/gaffer-examples/LDTGaffer/osl/include/node_convert_from_string.osl -> node_convert_from_string.oso
Compiled /home/ezequielm/Documents/dev/gaffer-examples/LDTGaffer/osl/include/node_convert_from_int.osl -> node_convert_from_int.oso
Compiled /home/ezequielm/Documents/dev/gaffer-examples/LDTGaffer/osl/include/node_add_closure.osl -> node_add_closure.oso
Compiled /home/ezequielm/Documents/dev/gaffer-examples/LDTGaffer/osl/include/node_hair_bsdf.osl -> node_hair_bsdf.oso
Compiled /home/ezequielm/Documents/dev/gaffer-examples/LDTGaffer/osl/include/node_set_normal.osl -> node_set_normal.oso
Compiled /home/ezequielm/Documents/dev/gaffer-examples/LDTGaffer/osl/include/node_value.osl -> node_value.oso
Compiled /home/ezequielm/Documents/dev/gaffer-examples/LDTGaffer/osl/include/node_gradient_texture.osl -> node_gradient_texture.oso
Compiled /home/ezequielm/Documents/dev/gaffer-examples/LDTGaffer/osl/include/node_attribute.osl -> node_attribute.oso
Compiled /home/ezequielm/Documents/dev/gaffer-examples/LDTGaffer/osl/include/node_separate_hsv.osl -> node_separate_hsv.oso
Compiled /home/ezequielm/Documents/dev/gaffer-examples/LDTGaffer/osl/include/node_brightness.osl -> node_brightness.oso
Compiled /home/ezequielm/Documents/dev/gaffer-examples/LDTGaffer/osl/include/node_voronoi_texture.osl -> node_voronoi_texture.oso
Compiled /home/ezequielm/Documents/dev/gaffer-examples/LDTGaffer/osl/include/node_light_falloff.osl -> node_light_falloff.oso
Compiled /home/ezequielm/Documents/dev/gaffer-examples/LDTGaffer/osl/include/node_fresnel.osl -> node_fresnel.oso
Compiled /home/ezequielm/Documents/dev/gaffer-examples/LDTGaffer/osl/include/node_image_texture.osl -> node_image_texture.oso
Compiled /home/ezequielm/Documents/dev/gaffer-examples/LDTGaffer/osl/include/node_magic_texture.osl -> node_magic_texture.oso
Compiled /home/ezequielm/Documents/dev/gaffer-examples/LDTGaffer/osl/include/node_convert_from_vector.osl -> node_convert_from_vector.oso
Compiled /home/ezequielm/Documents/dev/gaffer-examples/LDTGaffer/osl/include/node_texture_coordinate.osl -> node_texture_coordinate.oso
Compiled /home/ezequielm/Documents/dev/gaffer-examples/LDTGaffer/osl/include/node_separate_rgb.osl -> node_separate_rgb.oso
Compiled /home/ezequielm/Documents/dev/gaffer-examples/LDTGaffer/osl/include/node_musgrave_texture.osl -> node_musgrave_texture.oso
Compiled /home/ezequielm/Documents/dev/gaffer-examples/LDTGaffer/osl/include/node_holdout.osl -> node_holdout.oso
Compiled /home/ezequielm/Documents/dev/gaffer-examples/LDTGaffer/osl/include/node_separate_xyz.osl -> node_separate_xyz.oso
Compiled /home/ezequielm/Documents/dev/gaffer-examples/LDTGaffer/osl/include/node_subsurface_scattering.osl -> node_subsurface_scattering.oso
Compiled /home/ezequielm/Documents/dev/gaffer-examples/LDTGaffer/osl/include/node_anisotropic_bsdf.osl -> node_anisotropic_bsdf.oso
Compiled /home/ezequielm/Documents/dev/gaffer-examples/LDTGaffer/osl/include/node_normal_map.osl -> node_normal_map.oso
